<?xml version="1.0" encoding="UTF-8"?>
<testsuite name="com.sik.project.web.IndexControllerTest" tests="1" skipped="0" failures="0" errors="0" timestamp="2020-02-16T05:12:05" hostname="DESKTOP-7OFLKS0" time="0.192">
  <properties/>
  <testcase name="메인페이지_로딩" classname="com.sik.project.web.IndexControllerTest" time="0.192"/>
  <system-out><![CDATA[2020-02-16 14:12:05.350  INFO 11200 --- [    Test worker] .b.t.c.SpringBootTestContextBootstrapper : Neither @ContextConfiguration nor @ContextHierarchy found for test class [com.sik.project.web.IndexControllerTest], using SpringBootContextLoader
2020-02-16 14:12:05.351  INFO 11200 --- [    Test worker] o.s.t.c.support.AbstractContextLoader    : Could not detect default resource locations for test class [com.sik.project.web.IndexControllerTest]: no resource found for suffixes {-context.xml, Context.groovy}.
2020-02-16 14:12:05.351  INFO 11200 --- [    Test worker] t.c.s.AnnotationConfigContextLoaderUtils : Could not detect default configuration classes for test class [com.sik.project.web.IndexControllerTest]: IndexControllerTest does not declare any static, non-private, non-final, nested classes annotated with @Configuration.
2020-02-16 14:12:05.353  INFO 11200 --- [    Test worker] .b.t.c.SpringBootTestContextBootstrapper : Found @SpringBootConfiguration com.sik.project.Application for test class com.sik.project.web.IndexControllerTest
2020-02-16 14:12:05.355  INFO 11200 --- [    Test worker] .b.t.c.SpringBootTestContextBootstrapper : Loaded default TestExecutionListener class names from location [META-INF/spring.factories]: [org.springframework.security.test.context.support.WithSecurityContextTestExecutionListener, org.springframework.security.test.context.support.ReactorContextTestExecutionListener, org.springframework.boot.test.autoconfigure.restdocs.RestDocsTestExecutionListener, org.springframework.boot.test.autoconfigure.web.client.MockRestServiceServerResetTestExecutionListener, org.springframework.boot.test.autoconfigure.web.servlet.MockMvcPrintOnlyOnFailureTestExecutionListener, org.springframework.boot.test.autoconfigure.web.servlet.WebDriverTestExecutionListener, org.springframework.boot.test.mock.mockito.MockitoTestExecutionListener, org.springframework.boot.test.mock.mockito.ResetMocksTestExecutionListener, org.springframework.test.context.web.ServletTestExecutionListener, org.springframework.test.context.support.DirtiesContextBeforeModesTestExecutionListener, org.springframework.test.context.support.DependencyInjectionTestExecutionListener, org.springframework.test.context.support.DirtiesContextTestExecutionListener, org.springframework.test.context.transaction.TransactionalTestExecutionListener, org.springframework.test.context.jdbc.SqlScriptsTestExecutionListener]
2020-02-16 14:12:05.356  INFO 11200 --- [    Test worker] .b.t.c.SpringBootTestContextBootstrapper : Using TestExecutionListeners: [org.springframework.test.context.web.ServletTestExecutionListener@21adc825, org.springframework.test.context.support.DirtiesContextBeforeModesTestExecutionListener@700ded40, org.springframework.boot.test.mock.mockito.MockitoTestExecutionListener@6717154b, org.springframework.boot.test.autoconfigure.SpringBootDependencyInjectionTestExecutionListener@1e6fc56a, org.springframework.test.context.support.DirtiesContextTestExecutionListener@514cda62, org.springframework.test.context.transaction.TransactionalTestExecutionListener@4eb45ae6, org.springframework.test.context.jdbc.SqlScriptsTestExecutionListener@11d6b336, org.springframework.security.test.context.support.WithSecurityContextTestExecutionListener@717260f3, org.springframework.security.test.context.support.ReactorContextTestExecutionListener@46da2b75, org.springframework.boot.test.autoconfigure.restdocs.RestDocsTestExecutionListener@2ad53a22, org.springframework.boot.test.autoconfigure.web.client.MockRestServiceServerResetTestExecutionListener@e3e634d, org.springframework.boot.test.autoconfigure.web.servlet.MockMvcPrintOnlyOnFailureTestExecutionListener@6c29ef81, org.springframework.boot.test.autoconfigure.web.servlet.WebDriverTestExecutionListener@7bbfe0f2, org.springframework.boot.test.mock.mockito.ResetMocksTestExecutionListener@78b8c18d]
2020-02-16 14:12:05.478  INFO 11200 --- [o-auto-1-exec-1] o.a.c.c.C.[Tomcat].[localhost].[/]       : Initializing Spring DispatcherServlet 'dispatcherServlet'
2020-02-16 14:12:05.479  INFO 11200 --- [o-auto-1-exec-1] o.s.web.servlet.DispatcherServlet        : Initializing Servlet 'dispatcherServlet'
2020-02-16 14:12:05.481  INFO 11200 --- [o-auto-1-exec-1] o.s.web.servlet.DispatcherServlet        : Completed initialization in 2 ms
Hibernate: select posts0_.id as id1_0_, posts0_.created_date as created_2_0_, posts0_.modified_date as modified3_0_, posts0_.author as author4_0_, posts0_.content as content5_0_, posts0_.title as title6_0_ from posts posts0_ order by posts0_.id DESC
]]></system-out>
  <system-err><![CDATA[]]></system-err>
</testsuite>
